<?xml version="1.0" encoding="UTF-8"?>
<!-- Generated by org.testng.reporters.JUnitReportReporter -->
<testsuite skipped="0" hostname="Kamal" name="com.crm.qa.test.RecruitmentPageTest" tests="4" failures="0" timestamp="2025-06-14T01:46:52 EDT" time="17.237" errors="0">
  <testcase name="verifyRecruitmentPageLabel" time="4.052" classname="com.crm.qa.test.RecruitmentPageTest"/>
  <system-out/>
  <testcase name="verifySearchButton" time="4.408" classname="com.crm.qa.test.RecruitmentPageTest"/>
  <system-out/>
  <testcase name="verifySearchButton" time="4.349" classname="com.crm.qa.test.RecruitmentPageTest"/>
  <system-out/>
  <testcase name="verifySearchButton" time="4.428" classname="com.crm.qa.test.RecruitmentPageTest"/>
  <system-out/>
</testsuite> <!-- com.crm.qa.test.RecruitmentPageTest -->
