<?xml version="1.0" encoding="UTF-8"?>
<!-- Generated by org.testng.reporters.JUnitReportReporter -->
<testsuite skipped="0" hostname="Kamal" name="com.crm.qa.test.RecruitmentPageTest" tests="4" failures="0" timestamp="2025-06-14T00:51:47 EDT" time="17.164" errors="0">
  <testcase name="verifyRecruitmentPageLabel" time="4.146" classname="com.crm.qa.test.RecruitmentPageTest"/>
  <system-out/>
  <testcase name="verifySearchButton" time="4.347" classname="com.crm.qa.test.RecruitmentPageTest"/>
  <system-out/>
  <testcase name="verifySearchButton" time="4.318" classname="com.crm.qa.test.RecruitmentPageTest"/>
  <system-out/>
  <testcase name="verifySearchButton" time="4.353" classname="com.crm.qa.test.RecruitmentPageTest"/>
  <system-out/>
</testsuite> <!-- com.crm.qa.test.RecruitmentPageTest -->
