<?xml version="1.0" encoding="UTF-8"?>
<!-- Generated by org.testng.reporters.JUnitReportReporter -->
<testsuite skipped="0" hostname="Kamal" name="com.crm.qa.test.LoginPageTest" tests="3" failures="0" timestamp="2025-06-13T00:01:17 EDT" time="8.326" errors="0">
  <testcase name="loginPageTitleTest" time="2.358" classname="com.crm.qa.test.LoginPageTest"/>
  <system-out/>
  <testcase name="crmLogoImageTest" time="2.514" classname="com.crm.qa.test.LoginPageTest"/>
  <system-out/>
  <testcase name="loginTest" time="3.454" classname="com.crm.qa.test.LoginPageTest"/>
  <system-out/>
</testsuite> <!-- com.crm.qa.test.LoginPageTest -->
