<?xml version="1.0" encoding="UTF-8"?>
<!-- Generated by org.testng.reporters.JUnitReportReporter -->
<testsuite skipped="0" hostname="Kamal" name="com.crm.qa.test.RecruitmentPageTest" tests="4" failures="0" timestamp="2025-06-13T00:53:01 EDT" time="23.776" errors="0">
  <testcase name="verifyRecruitmentPageLabel" time="6.637" classname="com.crm.qa.test.RecruitmentPageTest"/>
  <system-out/>
  <testcase name="verifySearchButton" time="5.740" classname="com.crm.qa.test.RecruitmentPageTest"/>
  <system-out/>
  <testcase name="verifySearchButton" time="5.958" classname="com.crm.qa.test.RecruitmentPageTest"/>
  <system-out/>
  <testcase name="verifySearchButton" time="5.441" classname="com.crm.qa.test.RecruitmentPageTest"/>
  <system-out/>
</testsuite> <!-- com.crm.qa.test.RecruitmentPageTest -->
