<?xml version="1.0" encoding="UTF-8"?>
<!-- Generated by org.testng.reporters.JUnitReportReporter -->
<testsuite skipped="0" hostname="Kamal" name="com.crm.qa.test.LoginPageTest" tests="3" failures="0" timestamp="2025-06-14T01:46:52 EDT" time="8.099" errors="0">
  <testcase name="loginPageTitleTest" time="2.315" classname="com.crm.qa.test.LoginPageTest"/>
  <system-out/>
  <testcase name="crmLogoImageTest" time="2.520" classname="com.crm.qa.test.LoginPageTest"/>
  <system-out/>
  <testcase name="loginTest" time="3.264" classname="com.crm.qa.test.LoginPageTest"/>
  <system-out/>
</testsuite> <!-- com.crm.qa.test.LoginPageTest -->
