<?xml version="1.0" encoding="UTF-8"?>
<!-- Generated by org.testng.reporters.JUnitReportReporter -->
<testsuite skipped="0" hostname="Kamal" name="com.crm.qa.test.HomePageTest" tests="4" failures="0" timestamp="2025-06-13T00:01:17 EDT" time="14.372" errors="0">
  <testcase name="homePageTitleTest" time="2.553" classname="com.crm.qa.test.HomePageTest"/>
  <system-out/>
  <testcase name="validateUsernameTest" time="3.383" classname="com.crm.qa.test.HomePageTest"/>
  <system-out/>
  <testcase name="clickTimePageTest" time="3.907" classname="com.crm.qa.test.HomePageTest"/>
  <system-out/>
  <testcase name="clickRecruitmentPageTest" time="4.529" classname="com.crm.qa.test.HomePageTest"/>
  <system-out/>
</testsuite> <!-- com.crm.qa.test.HomePageTest -->
